<?xml version="1.0" encoding="UTF-8"?>
<!-- Generated by org.testng.reporters.JUnitXMLReporter -->
<testsuite ignored="0" hostname="LTIN593363" failures="0" tests="8" name="Test" time="0.107" errors="0" timestamp="14 May 2025 06:00:15 GMT">
  <testcase classname="mainclasses.BaseClass" name="@BeforeClass setup" time="0.0">
    <failure type="org.testng.TestNGException" message="
Parameter &amp;apos;browser&amp;apos; is required by BeforeClass on method setup but has not been marked @Optional or defined
in C:\Users\2393054\eclipse-workspace\NewBikes_Hackathon\testng.xml">
      <![CDATA[org.testng.TestNGException: 
Parameter 'browser' is required by BeforeClass on method setup but has not been marked @Optional or defined
in C:\Users\2393054\eclipse-workspace\NewBikes_Hackathon\testng.xml
... Removed 22 stack frames]]>
    </failure>
  </testcase> <!-- @BeforeClass setup -->
  <testcase classname="mainclasses.UpcomingBikeTest" name="@BeforeClass setUp" time="0.0">
    <skipped/>
  </testcase> <!-- @BeforeClass setUp -->
  <testcase classname="mainclasses.UpcomingBikeTest" name="@AfterClass tearDown" time="0.0">
    <skipped/>
  </testcase> <!-- @AfterClass tearDown -->
  <testcase classname="mainclasses.UpcomingBikeTest" name="searchForNewBikes" time="0.009">
    <skipped/>
  </testcase> <!-- searchForNewBikes -->
  <testcase classname="mainclasses.UpcomingBikeTest" name="searchForUpcomingBikes" time="0.002">
    <skipped/>
  </testcase> <!-- searchForUpcomingBikes -->
  <testcase classname="mainclasses.UpcomingBikeTest" name="searchForAllUpcomingBikes" time="0.002">
    <skipped/>
  </testcase> <!-- searchForAllUpcomingBikes -->
  <testcase classname="mainclasses.UpcomingBikeTest" name="searchForHondaBikes" time="0.001">
    <skipped/>
  </testcase> <!-- searchForHondaBikes -->
  <testcase classname="mainclasses.UpcomingBikeTest" name="getNames" time="0.003">
    <skipped/>
  </testcase> <!-- getNames -->
  <testcase classname="mainclasses.UpcomingBikeTest" name="getPrices" time="0.002">
    <skipped/>
  </testcase> <!-- getPrices -->
  <testcase classname="mainclasses.UpcomingBikeTest" name="getLaunchDates" time="0.002">
    <skipped/>
  </testcase> <!-- getLaunchDates -->
  <testcase classname="mainclasses.UpcomingBikeTest" name="writeUpcomingToExcel" time="0.0">
    <skipped/>
  </testcase> <!-- writeUpcomingToExcel -->
</testsuite> <!-- Test -->
